[
  {
    "_document_id": "Mhavsgv_KyLCV863XbnIew",
    "actor": "michaelshire",
    "org": "LedcorIS",
    "action": "org_credential_authorization.deauthorize",
    "@timestamp": 1641242115295,
    "created_at": 1641242115295
  },
  {
    "_document_id": "GuHt0RUb6JV4UNJ-odOTJw",
    "actor": "michaelshire",
    "org": "LedcorIS",
    "action": "org.audit_log_git_event_export",
    "@timestamp": 1641240039055,
    "created_at": 1641240039055
  },
  {
    "_document_id": "r-cir_8GaDdawVJsuSpH-A",
    "actor": "michaelshire",
    "org": "LedcorIS",
    "action": "org_credential_authorization.grant",
    "@timestamp": 1641233352828,
    "created_at": 1641233352828
  },
  {
    "_document_id": "xNfa4Lc9YfMtSIXa97XCGQ",
    "actor": "michaelshire",
    "org": "LedcorIS",
    "action": "org_credential_authorization.grant",
    "@timestamp": 1641227119518,
    "created_at": 1641227119518
  }
]
